Removed Pin From Net: NetName=VBAT Pin=P3-1
Removed Pin From Net: NetName=PC13 Pin=P3-2
Removed Pin From Net: NetName=PC14 Pin=P3-3
Removed Pin From Net: NetName=PC15 Pin=P3-4
Removed Pin From Net: NetName=PA0 Pin=P3-5
Removed Pin From Net: NetName=PA1 Pin=P3-6
Removed Pin From Net: NetName=PA2 Pin=P3-7
Removed Pin From Net: NetName=PA3 Pin=P3-8
Removed Pin From Net: NetName=PA4 Pin=P3-9
Removed Pin From Net: NetName=PA5 Pin=P3-10
Removed Pin From Net: NetName=PA6 Pin=P3-11
Removed Pin From Net: NetName=PA7 Pin=P3-12
Removed Pin From Net: NetName=NRST Pin=P3-17
Removed Pin From Net: NetName=VCC3V3 Pin=P3-18
Removed Pin From Net: NetName=GND Pin=P3-19
Removed Pin From Net: NetName=GND Pin=P3-20
Removed Pin From Net: NetName=VCC3V3 Pin=P4-1
Removed Pin From Net: NetName=GND Pin=P4-2
Removed Pin From Net: NetName=5V Pin=P4-3
Removed Pin From Net: NetName=PB7 Pin=P4-6
Removed Pin From Net: NetName=PB6 Pin=P4-7
Removed Pin From Net: NetName=PA12 Pin=P4-12
Removed Pin From Net: NetName=PA11 Pin=P4-13
Removed Pin From Net: NetName=PA10 Pin=P4-14
Removed Pin From Net: NetName=PA9 Pin=P4-15
Removed Pin From Net: NetName=PA8 Pin=P4-16
Removed Member From Class: ClassName=Sheet1 Member=P3
Removed Member From Class: ClassName=Sheet1 Member=P4
Removed Member From Class: ClassName=Sheet1 Member=R7
Change Component Designator: OldDesignator=C1 NewDesignator=C6
Change Component Designator: OldDesignator=C2 NewDesignator=C7
Change Component Designator: OldDesignator=C3 NewDesignator=C8
Change Component Designator: OldDesignator=C4 NewDesignator=C9
Change Component Designator: OldDesignator=C5 NewDesignator=C11
Change Component Designator: OldDesignator=C6 NewDesignator=C12
Change Component Designator: OldDesignator=C7 NewDesignator=C13
Change Component Designator: OldDesignator=C8 NewDesignator=C14
Change Component Designator: OldDesignator=C9 NewDesignator=C10
Change Component Designator: OldDesignator=C10 NewDesignator=C2
Change Component Designator: OldDesignator=C11 NewDesignator=C3
Change Component Designator: OldDesignator=C12 NewDesignator=C4
Change Component Designator: OldDesignator=C13 NewDesignator=C5
Change Component Designator: OldDesignator=C14 NewDesignator=C1
Change Component Designator: OldDesignator=Q NewDesignator=Q1
Change Component Designator: OldDesignator=R2 NewDesignator=R4
Change Component Designator: OldDesignator=R3 NewDesignator=R2
Change Component Designator: OldDesignator=R4 NewDesignator=R8
Change Component Designator: OldDesignator=R5 NewDesignator=R9
Change Component Designator: OldDesignator=R6 NewDesignator=R5
Change Component Designator: OldDesignator=R7 NewDesignator=R6
Change Component Designator: OldDesignator=R8 NewDesignator=R3
Change Component Designator: OldDesignator=R NewDesignator=R7
Change Component Designator: OldDesignator=U NewDesignator=U1
Added Component: Designator=ESP*1(ESP32 DEVKIT)
Add component (AddParameter): Name = "Case/Package"; Value = "SMD/SMT"; VariantName = "[No Variations]"
Add component (AddParameter): Name = "Category"; Value = "RF Receivers, Transceivers"; VariantName = "[No Variations]"
Add component (AddParameter): Name = "ComponentLink1Description"; Value = "https://www.espressif.com/sites/default/files/documentation/esp32-wroom-32d_esp32-wroom-32u_datasheet_en.pdf?src-supplier=Digi-Key"; VariantName = "[No Variations]"
Add component (AddParameter): Name = "ComponentLink1URL"; Value = "https://www.espressif.com/sites/default/files/documentation/esp32-wroom-32d_esp32-wroom-32u_datasheet_en.pdf?src-supplier=Digi-Key"; VariantName = "[No Variations]"
Add component (AddParameter): Name = "Data Rate"; Value = "150Mbps"; VariantName = "[No Variations]"
Add component (AddParameter): Name = "Frequency"; Value = "2.5GHz"; VariantName = "[No Variations]"
Add component (AddParameter): Name = "Interface"; Value = "I2C,SPI,GPIO,PWM,SDIO,UART"; VariantName = "[No Variations]"
Add component (AddParameter): Name = "Manufacturer"; Value = "Espressif Systems"; VariantName = "[No Variations]"
Add component (AddParameter): Name = "Manufacturer Part Number"; Value = "ESP32-WROOM-32D"; VariantName = "[No Variations]"
Add component (AddParameter): Name = "Max Operating Temperature"; Value = "85°C"; VariantName = "[No Variations]"
Add component (AddParameter): Name = "Memory Size"; Value = "536KB"; VariantName = "[No Variations]"
Add component (AddParameter): Name = "Min Operating Temperature"; Value = "-40°C"; VariantName = "[No Variations]"
Add component (AddParameter): Name = "Mount"; Value = "Surface Mount"; VariantName = "[No Variations]"
Add component (AddParameter): Name = "Packaging"; Value = "Cut Tape"; VariantName = "[No Variations]"
Add component (AddParameter): Name = "RoHS"; Value = "No"; VariantName = "[No Variations]"
Add component (AddParameter): Name = "Sensitivity"; Value = "-98dBm"; VariantName = "[No Variations]"
Add component (AddParameter): Name = "Supplier 1"; Value = "Arrow Electronics"; VariantName = "[No Variations]"
Add component (AddParameter): Name = "Supplier Part Number 1"; Value = "ESP32-WROOM-32D"; VariantName = "[No Variations]"
Added Component: Designator=JP1(CON3)
Add component (AddParameter): Name = "Value"; Value = "Connector 3"; VariantName = "[No Variations]"
Added Component: Designator=JP2(CON3)
Add component (AddParameter): Name = "Value"; Value = "Connector 3"; VariantName = "[No Variations]"
Added Component: Designator=JP3(CON3)
Add component (AddParameter): Name = "Value"; Value = "Connector 3"; VariantName = "[No Variations]"
Added Component: Designator=JP4(CON4)
Add component (AddParameter): Name = "Value"; Value = "Connector 4"; VariantName = "[No Variations]"
Added Component: Designator=JP5(CON3)
Add component (AddParameter): Name = "Value"; Value = "Connector 3"; VariantName = "[No Variations]"
Added Component: Designator=JP6(CON3)
Add component (AddParameter): Name = "Value"; Value = "Connector 3"; VariantName = "[No Variations]"
Added Component: Designator=JP7(CON8)
Add component (AddParameter): Name = "Value"; Value = "Connector 8"; VariantName = "[No Variations]"
Added Component: Designator=JP8(CON2)
Add component (AddParameter): Name = "Value"; Value = "Connector 2"; VariantName = "[No Variations]"
Added Component: Designator=JP9(CON2)
Add component (AddParameter): Name = "Value"; Value = "Connector 2"; VariantName = "[No Variations]"
Added Component: Designator=JP10(CON2)
Add component (AddParameter): Name = "Value"; Value = "Connector 2"; VariantName = "[No Variations]"
Added Component: Designator=JP11(CON2)
Add component (AddParameter): Name = "Value"; Value = "Connector 2"; VariantName = "[No Variations]"
Added Component: Designator=JP12(CON2)
Add component (AddParameter): Name = "Value"; Value = "Connector 2"; VariantName = "[No Variations]"
Added Pin To Net: NetName=GND Pin=ESP*1-14
Added Pin To Net: NetName=5V Pin=ESP*1-19
Added Pin To Net: NetName=GND Pin=ESP*1-32
Added Pin To Net: NetName=PA2 Pin=ESP*1-34
Added Pin To Net: NetName=PA3 Pin=ESP*1-35
Added Pin To Net: NetName=GND Pin=ESP*1-38
Added Pin To Net: NetName=GND Pin=JP1-1
Added Pin To Net: NetName=PA10 Pin=JP1-2
Added Pin To Net: NetName=VCC3V3 Pin=JP1-3
Added Pin To Net: NetName=GND Pin=JP2-1
Added Pin To Net: NetName=PA11 Pin=JP2-2
Added Pin To Net: NetName=VCC3V3 Pin=JP2-3
Added Pin To Net: NetName=GND Pin=JP3-1
Added Pin To Net: NetName=PA12 Pin=JP3-2
Added Pin To Net: NetName=VCC3V3 Pin=JP3-3
Added Pin To Net: NetName=PB7 Pin=JP4-1
Added Pin To Net: NetName=PB6 Pin=JP4-2
Added Pin To Net: NetName=5V Pin=JP4-3
Added Pin To Net: NetName=GND Pin=JP4-4
Added Pin To Net: NetName=GND Pin=JP5-1
Added Pin To Net: NetName=PA8 Pin=JP5-2
Added Pin To Net: NetName=5V Pin=JP5-3
Added Pin To Net: NetName=GND Pin=JP6-1
Added Pin To Net: NetName=PA9 Pin=JP6-2
Added Pin To Net: NetName=5V Pin=JP6-3
Added Pin To Net: NetName=VCC3V3 Pin=JP7-1
Added Pin To Net: NetName=VCC3V3 Pin=JP7-2
Added Pin To Net: NetName=GND Pin=JP7-3
Added Pin To Net: NetName=PA6 Pin=JP7-5
Added Pin To Net: NetName=PA7 Pin=JP7-6
Added Pin To Net: NetName=PA5 Pin=JP7-7
Added Pin To Net: NetName=PA4 Pin=JP7-8
Added Pin To Net: NetName=GND Pin=JP8-1
Added Pin To Net: NetName=VCC3V3 Pin=JP8-2
Added Pin To Net: NetName=GND Pin=JP9-1
Added Pin To Net: NetName=VCC3V3 Pin=JP9-2
Added Pin To Net: NetName=GND Pin=JP10-1
Added Pin To Net: NetName=5V Pin=JP10-2
Added Pin To Net: NetName=GND Pin=JP11-1
Added Pin To Net: NetName=VCC3V3 Pin=JP11-2
Added Pin To Net: NetName=GND Pin=JP12-1
Added Pin To Net: NetName=5V Pin=JP12-2
Change Net Name : Old Net Name=NetR6_1 New Net Name=NetR5_1
Change Net Name : Old Net Name=NetR7_1 New Net Name=NetR6_1
Change Net Color : Old Net Color=RGB(158, 161, 117) New Net Color=Default
Change Net Color : Old Net Color=RGB(158, 161, 117) New Net Color=Default
Added Member To Class: ClassName=Sheet1 Member=Component ESP*1 ESP32
Added Member To Class: ClassName=Sheet1 Member=Component JP1 JP3
Added Member To Class: ClassName=Sheet1 Member=Component JP2 JP3
Added Member To Class: ClassName=Sheet1 Member=Component JP3
Added Member To Class: ClassName=Sheet1 Member=Component JP4
Added Member To Class: ClassName=Sheet1 Member=Component JP5 JP3
Added Member To Class: ClassName=Sheet1 Member=Component JP6 JP3
Added Member To Class: ClassName=Sheet1 Member=Component JP7 JP8
Added Member To Class: ClassName=Sheet1 Member=Component JP8 JP2
Added Member To Class: ClassName=Sheet1 Member=Component JP9 JP2
Added Member To Class: ClassName=Sheet1 Member=Component JP10 JP2
Added Member To Class: ClassName=Sheet1 Member=Component JP11 JP2
Added Member To Class: ClassName=Sheet1 Member=Component JP12 JP2
Added Member To Class: ClassName=Sheet1 Member=Component R9 100k
Added Room: Name=Sheet1
