Removed Pin From Net: NetName=VCC3V3 Pin=C4-1
Removed Pin From Net: NetName=GND Pin=C4-2
Change Component Footprint: Designator=C2 Old Footprint=CAPC1608X90 New Footprint=CAP_EEE1EA100WAR
Change Component Comment : Designator=C2 Old Comment=10uF,0603 New Comment=10uF
Change Component Designator: OldDesignator=C3 NewDesignator=C4
Change Component Designator: OldDesignator=ESP32 NewDesignator=*1
Change component parameters: Designator = "C2" ("C2"); Footprint = "CAPC1608X90"; UniqueID = "\LSBIGULH" ("\LSBIGULH")
Change component parameters (AddParameter): Name = "Availability"; Value = "In Stock"; VariantName = "[No Variations]"
Change component parameters (AddParameter): Name = "Check_prices"; Value = "https://www.snapeda.com/parts/EEE1EA100WAR/Panasonic/view-part/?ref=eda"; VariantName = "[No Variations]"
Change component parameters (AddParameter): Name = "MF"; Value = "Panasonic"; VariantName = "[No Variations]"
Change component parameters (AddParameter): Name = "MP"; Value = "EEE1EA100WAR"; VariantName = "[No Variations]"
Change component parameters (AddParameter): Name = "Package"; Value = "RADIAL-2 Panasonic"; VariantName = "[No Variations]"
Change component parameters (AddParameter): Name = "Price"; Value = "None"; VariantName = "[No Variations]"
Change component parameters (AddParameter): Name = "Purchase-URL"; Value = "https://pricing.snapeda.com/search/part/EEE1EA100WAR/?ref=eda"; VariantName = "[No Variations]"
Change component parameters (AddParameter): Name = "SnapEDA_Link"; Value = "https://www.snapeda.com/parts/EEE1EA100WAR/Panasonic/view-part/?ref=snap"; VariantName = "[No Variations]"
Change component parameters (AddParameter): Name = "Value"; Value = ""; VariantName = "[No Variations]"
Added Component: Designator=C3(CAP_EEE1EA100WAR)
Add component (AddParameter): Name = "Availability"; Value = "In Stock"; VariantName = "[No Variations]"
Add component (AddParameter): Name = "Check_prices"; Value = "https://www.snapeda.com/parts/EEE1EA100WAR/Panasonic/view-part/?ref=eda"; VariantName = "[No Variations]"
Add component (AddParameter): Name = "MF"; Value = "Panasonic"; VariantName = "[No Variations]"
Add component (AddParameter): Name = "MP"; Value = "EEE1EA100WAR"; VariantName = "[No Variations]"
Add component (AddParameter): Name = "Package"; Value = "RADIAL-2 Panasonic"; VariantName = "[No Variations]"
Add component (AddParameter): Name = "Price"; Value = "None"; VariantName = "[No Variations]"
Add component (AddParameter): Name = "Purchase-URL"; Value = "https://pricing.snapeda.com/search/part/EEE1EA100WAR/?ref=eda"; VariantName = "[No Variations]"
Add component (AddParameter): Name = "SnapEDA_Link"; Value = "https://www.snapeda.com/parts/EEE1EA100WAR/Panasonic/view-part/?ref=snap"; VariantName = "[No Variations]"
Add component (AddParameter): Name = "Value"; Value = ""; VariantName = "[No Variations]"
Added Pin To Net: NetName=VCC3V3 Pin=C3-1
Added Pin To Net: NetName=GND Pin=C3-2
Added Room: Name=Sheet1
