Change Component Designator: OldDesignator=P? NewDesignator=P3
Change Component Designator: OldDesignator=P? NewDesignator=P4
Added Component: Designator=C1(CAPC1608X90)
Add component (AddParameter): Name = "Availability"; Value = "Unavailable"; VariantName = "[No Variations]"
Add component (AddParameter): Name = "MF"; Value = ""; VariantName = "[No Variations]"
Add component (AddParameter): Name = "MP"; Value = "CC0603MRX7R9BB272"; VariantName = "[No Variations]"
Add component (AddParameter): Name = "Package"; Value = "None"; VariantName = "[No Variations]"
Add component (AddParameter): Name = "Price"; Value = "None"; VariantName = "[No Variations]"
Add component (AddParameter): Name = "Value"; Value = ""; VariantName = "[No Variations]"
Added Component: Designator=C2(CAPC1608X90)
Add component (AddParameter): Name = "Availability"; Value = "Unavailable"; VariantName = "[No Variations]"
Add component (AddParameter): Name = "MF"; Value = ""; VariantName = "[No Variations]"
Add component (AddParameter): Name = "MP"; Value = "CC0603MRX7R9BB272"; VariantName = "[No Variations]"
Add component (AddParameter): Name = "Package"; Value = "None"; VariantName = "[No Variations]"
Add component (AddParameter): Name = "Price"; Value = "None"; VariantName = "[No Variations]"
Add component (AddParameter): Name = "Value"; Value = ""; VariantName = "[No Variations]"
Added Component: Designator=C3(CAPC1608X90)
Add component (AddParameter): Name = "Availability"; Value = "Unavailable"; VariantName = "[No Variations]"
Add component (AddParameter): Name = "MF"; Value = ""; VariantName = "[No Variations]"
Add component (AddParameter): Name = "MP"; Value = "CC0603MRX7R9BB272"; VariantName = "[No Variations]"
Add component (AddParameter): Name = "Package"; Value = "None"; VariantName = "[No Variations]"
Add component (AddParameter): Name = "Price"; Value = "None"; VariantName = "[No Variations]"
Add component (AddParameter): Name = "Value"; Value = ""; VariantName = "[No Variations]"
Added Component: Designator=C4(CAPC1608X90)
Add component (AddParameter): Name = "Availability"; Value = "Unavailable"; VariantName = "[No Variations]"
Add component (AddParameter): Name = "MF"; Value = ""; VariantName = "[No Variations]"
Add component (AddParameter): Name = "MP"; Value = "CC0603MRX7R9BB272"; VariantName = "[No Variations]"
Add component (AddParameter): Name = "Package"; Value = "None"; VariantName = "[No Variations]"
Add component (AddParameter): Name = "Price"; Value = "None"; VariantName = "[No Variations]"
Add component (AddParameter): Name = "Value"; Value = ""; VariantName = "[No Variations]"
Added Component: Designator=R1(DIEN TRO 0805)
Add component (AddParameter): Name = "LatestRevisionDate"; Value = "17-Jul-2002"; VariantName = "[No Variations]"
Add component (AddParameter): Name = "LatestRevisionNote"; Value = "Re-released for DXP Platform."; VariantName = "[No Variations]"
Add component (AddParameter): Name = "PackageReference"; Value = "AXIAL-0.4"; VariantName = "[No Variations]"
Add component (AddParameter): Name = "Published"; Value = "8-Jun-2000"; VariantName = "[No Variations]"
Add component (AddParameter): Name = "Publisher"; Value = "Altium Limited"; VariantName = "[No Variations]"
Add component (AddParameter): Name = "Value"; Value = "1M,0603"; VariantName = "[No Variations]"
Added Component: Designator=X1(XT2)
Add component (AddParameter): Name = "Value"; Value = "4Mhz"; VariantName = "[No Variations]"
Added Pin To Net: NetName=5V Pin=P4-3
Added Net: Name=5V
Added Pin To Net: NetName=BOOT0 Pin=U-44
Added Net: Name=BOOT0
Added Pin To Net: NetName=BOOT1 Pin=U-20
Added Net: Name=BOOT1
Added Pin To Net: NetName=GND Pin=P3-19
Added Pin To Net: NetName=GND Pin=P3-20
Added Pin To Net: NetName=GND Pin=P4-2
Added Net: Name=GND
Added Pin To Net: NetName=NetC1_2 Pin=C1-2
Added Pin To Net: NetName=NetC1_2 Pin=C2-2
Added Pin To Net: NetName=NetC1_2 Pin=C3-2
Added Pin To Net: NetName=NetC1_2 Pin=C4-2
Added Net: Name=NetC1_2
Added Pin To Net: NetName=NetU_8 Pin=U-8
Added Pin To Net: NetName=NetU_8 Pin=U-23
Added Pin To Net: NetName=NetU_8 Pin=U-35
Added Pin To Net: NetName=NetU_8 Pin=U-47
Added Net: Name=NetU_8
Added Pin To Net: NetName=NRST Pin=P3-17
Added Pin To Net: NetName=NRST Pin=U-7
Added Net: Name=NRST
Added Pin To Net: NetName=OSC_IN Pin=C1-1
Added Pin To Net: NetName=OSC_IN Pin=R1-2
Added Pin To Net: NetName=OSC_IN Pin=U-5
Added Pin To Net: NetName=OSC_IN Pin=X1-2
Added Net: Name=OSC_IN
Added Pin To Net: NetName=OSC_OUT Pin=C2-1
Added Pin To Net: NetName=OSC_OUT Pin=R1-1
Added Pin To Net: NetName=OSC_OUT Pin=U-6
Added Pin To Net: NetName=OSC_OUT Pin=X1-1
Added Net: Name=OSC_OUT
Added Pin To Net: NetName=PA0 Pin=P3-5
Added Pin To Net: NetName=PA0 Pin=U-10
Added Net: Name=PA0
Added Pin To Net: NetName=PA1 Pin=P3-6
Added Pin To Net: NetName=PA1 Pin=U-11
Added Net: Name=PA1
Added Pin To Net: NetName=PA2 Pin=P3-7
Added Pin To Net: NetName=PA2 Pin=U-12
Added Net: Name=PA2
Added Pin To Net: NetName=PA3 Pin=P3-8
Added Pin To Net: NetName=PA3 Pin=U-13
Added Net: Name=PA3
Added Pin To Net: NetName=PA4 Pin=P3-9
Added Pin To Net: NetName=PA4 Pin=U-14
Added Net: Name=PA4
Added Pin To Net: NetName=PA5 Pin=P3-10
Added Pin To Net: NetName=PA5 Pin=U-15
Added Net: Name=PA5
Added Pin To Net: NetName=PA6 Pin=P3-11
Added Pin To Net: NetName=PA6 Pin=U-16
Added Net: Name=PA6
Added Pin To Net: NetName=PA7 Pin=P3-12
Added Pin To Net: NetName=PA7 Pin=U-17
Added Net: Name=PA7
Added Pin To Net: NetName=PA8 Pin=P4-16
Added Pin To Net: NetName=PA8 Pin=U-29
Added Net: Name=PA8
Added Pin To Net: NetName=PA9 Pin=P4-15
Added Pin To Net: NetName=PA9 Pin=U-30
Added Net: Name=PA9
Added Pin To Net: NetName=PA10 Pin=P4-14
Added Pin To Net: NetName=PA10 Pin=U-31
Added Net: Name=PA10
Added Pin To Net: NetName=PA11 Pin=P4-13
Added Pin To Net: NetName=PA11 Pin=U-32
Added Net: Name=PA11
Added Pin To Net: NetName=PA12 Pin=P4-12
Added Pin To Net: NetName=PA12 Pin=U-33
Added Net: Name=PA12
Added Pin To Net: NetName=PA15 Pin=P4-11
Added Pin To Net: NetName=PA15 Pin=U-38
Added Net: Name=PA15
Added Pin To Net: NetName=PB0 Pin=P3-13
Added Pin To Net: NetName=PB0 Pin=U-18
Added Net: Name=PB0
Added Pin To Net: NetName=PB1 Pin=P3-14
Added Pin To Net: NetName=PB1 Pin=U-19
Added Net: Name=PB1
Added Pin To Net: NetName=PB3 Pin=P4-10
Added Pin To Net: NetName=PB3 Pin=U-39
Added Net: Name=PB3
Added Pin To Net: NetName=PB4 Pin=P4-9
Added Pin To Net: NetName=PB4 Pin=U-40
Added Net: Name=PB4
Added Pin To Net: NetName=PB5 Pin=P4-8
Added Pin To Net: NetName=PB5 Pin=U-41
Added Net: Name=PB5
Added Pin To Net: NetName=PB6 Pin=P4-7
Added Pin To Net: NetName=PB6 Pin=U-42
Added Net: Name=PB6
Added Pin To Net: NetName=PB7 Pin=P4-6
Added Pin To Net: NetName=PB7 Pin=U-43
Added Net: Name=PB7
Added Pin To Net: NetName=PB8 Pin=P4-5
Added Pin To Net: NetName=PB8 Pin=U-45
Added Net: Name=PB8
Added Pin To Net: NetName=PB9 Pin=P4-4
Added Pin To Net: NetName=PB9 Pin=U-46
Added Net: Name=PB9
Added Pin To Net: NetName=PB10 Pin=P3-15
Added Pin To Net: NetName=PB10 Pin=U-21
Added Net: Name=PB10
Added Pin To Net: NetName=PB11 Pin=P3-16
Added Pin To Net: NetName=PB11 Pin=U-22
Added Net: Name=PB11
Added Pin To Net: NetName=PB12 Pin=P4-20
Added Pin To Net: NetName=PB12 Pin=U-25
Added Net: Name=PB12
Added Pin To Net: NetName=PB13 Pin=P4-19
Added Pin To Net: NetName=PB13 Pin=U-26
Added Net: Name=PB13
Added Pin To Net: NetName=PB14 Pin=P4-18
Added Pin To Net: NetName=PB14 Pin=U-27
Added Net: Name=PB14
Added Pin To Net: NetName=PB15 Pin=P4-17
Added Pin To Net: NetName=PB15 Pin=U-28
Added Net: Name=PB15
Added Pin To Net: NetName=PC13 Pin=P3-2
Added Pin To Net: NetName=PC13 Pin=U-2
Added Net: Name=PC13
Added Pin To Net: NetName=PC14 Pin=P3-3
Added Pin To Net: NetName=PC14 Pin=U-3
Added Net: Name=PC14
Added Pin To Net: NetName=PC15 Pin=P3-4
Added Pin To Net: NetName=PC15 Pin=U-4
Added Net: Name=PC15
Added Pin To Net: NetName=VBAT Pin=P3-1
Added Pin To Net: NetName=VBAT Pin=U-1
Added Net: Name=VBAT
Added Pin To Net: NetName=VCC3V3 Pin=P3-18
Added Pin To Net: NetName=VCC3V3 Pin=P4-1
Added Pin To Net: NetName=VCC3V3 Pin=U-9
Added Pin To Net: NetName=VCC3V3 Pin=U-24
Added Pin To Net: NetName=VCC3V3 Pin=U-36
Added Pin To Net: NetName=VCC3V3 Pin=U-48
Added Net: Name=VCC3V3
Added Member To Class: ClassName=Sheet1 Member=Component C1 20p,0603
Added Member To Class: ClassName=Sheet1 Member=Component C2 20p,0603
Added Member To Class: ClassName=Sheet1 Member=Component C3 20p,0603
Added Member To Class: ClassName=Sheet1 Member=Component C4 20p,0603
Added Member To Class: ClassName=Sheet1 Member=Component P4 Header 20
Added Member To Class: ClassName=Sheet1 Member=Component R1 R0603
Added Member To Class: ClassName=Sheet1 Member=Component X1 8Mhz
Added Room: Name=Sheet1
